<?xml version="1.0" encoding="UTF-8"?>
<testsuite xmlns:xsi="http://www.w3.org/2001/XMLSchema-instance" xsi:noNamespaceSchemaLocation="https://maven.apache.org/surefire/maven-surefire-plugin/xsd/surefire-test-report-3.0.xsd" version="3.0" name="tn.esprit.tpfoyer17.ChambreTest" time="16.509" tests="4" errors="0" skipped="0" failures="0">
  <properties>
[...]
</properties>
  <testcase name="testRetrieveChambreNotFound" classname="tn.esprit.tpfoyer17.ChambreTest" time="0.216">
    <system-out><![CDATA[22:08:31.511 [main] INFO org.springframework.test.context.support.AnnotationConfigContextLoaderUtils -- Could not detect default configuration classes for test class [tn.esprit.tpfoyer17.ChambreTest]: ChambreTest does not declare any static, non-private, non-final, nested classes annotated with @Configuration.
22:08:31.786 [main] INFO org.springframework.boot.test.context.SpringBootTestContextBootstrapper -- Found @SpringBootConfiguration tn.esprit.tpfoyer17.TpFoyer17Application for test class tn.esprit.tpfoyer17.ChambreTest

  .   ____          _            __ _ _
 /\\ / ___'_ __ _ _(_)_ __  __ _ \ \ \ \
( ( )\___ | '_ | '_| | '_ \/ _` | \ \ \ \
 \\/  ___)| |_)| | | | | || (_| |  ) ) ) )
  '  |____| .__|_| |_|_| |_\__, | / / / /
 =========|_|==============|___/=/_/_/_/
 :: Spring Boot ::                (v3.1.3)

2024-11-07T22:08:32.880Z  INFO 5908 --- [           main] tn.esprit.tpfoyer17.ChambreTest          : Starting ChambreTest using Java 17.0.8 with PID 5908 (started by PC in C:\Users\PC\projetDevops)
2024-11-07T22:08:32.883Z  INFO 5908 --- [           main] tn.esprit.tpfoyer17.ChambreTest          : No active profile set, falling back to 1 default profile: "default"
2024-11-07T22:08:34.598Z  INFO 5908 --- [           main] .s.d.r.c.RepositoryConfigurationDelegate : Bootstrapping Spring Data JPA repositories in DEFAULT mode.
2024-11-07T22:08:34.732Z  INFO 5908 --- [           main] .s.d.r.c.RepositoryConfigurationDelegate : Finished Spring Data repository scanning in 118 ms. Found 6 JPA repository interfaces.
2024-11-07T22:08:35.594Z  INFO 5908 --- [           main] o.hibernate.jpa.internal.util.LogHelper  : HHH000204: Processing PersistenceUnitInfo [name: default]
2024-11-07T22:08:35.951Z  INFO 5908 --- [           main] org.hibernate.Version                    : HHH000412: Hibernate ORM core version 6.2.7.Final
2024-11-07T22:08:35.971Z  INFO 5908 --- [           main] org.hibernate.cfg.Environment            : HHH000406: Using bytecode reflection optimizer
2024-11-07T22:08:36.741Z  INFO 5908 --- [           main] o.h.b.i.BytecodeProviderInitiator        : HHH000021: Bytecode provider name : bytebuddy
2024-11-07T22:08:37.125Z  INFO 5908 --- [           main] o.s.o.j.p.SpringPersistenceUnitInfo      : No LoadTimeWeaver setup: ignoring JPA class transformer
2024-11-07T22:08:37.170Z  INFO 5908 --- [           main] com.zaxxer.hikari.HikariDataSource       : HikariPool-1 - Starting...
2024-11-07T22:08:37.633Z  INFO 5908 --- [           main] com.zaxxer.hikari.pool.HikariPool        : HikariPool-1 - Added connection com.mysql.cj.jdbc.ConnectionImpl@4967d14c
2024-11-07T22:08:37.636Z  INFO 5908 --- [           main] com.zaxxer.hikari.HikariDataSource       : HikariPool-1 - Start completed.
2024-11-07T22:08:38.548Z  INFO 5908 --- [           main] o.h.b.i.BytecodeProviderInitiator        : HHH000021: Bytecode provider name : bytebuddy
2024-11-07T22:08:40.257Z  INFO 5908 --- [           main] o.h.e.t.j.p.i.JtaPlatformInitiator       : HHH000490: Using JtaPlatform implementation: [org.hibernate.engine.transaction.jta.platform.internal.NoJtaPlatform]
Hibernate: alter table chambre modify column type_chambre  enum ('DOUBLE','SIMPLE','TRIPLE')
Hibernate: alter table etudiant modify column date_naissance  datetime(6)
2024-11-07T22:08:40.588Z  INFO 5908 --- [           main] j.LocalContainerEntityManagerFactoryBean : Initialized JPA EntityManagerFactory for persistence unit 'default'
2024-11-07T22:08:41.418Z  INFO 5908 --- [           main] o.s.d.j.r.query.QueryEnhancerFactory     : Hibernate is in classpath; If applicable, HQL parser will be used.
2024-11-07T22:08:43.391Z  WARN 5908 --- [           main] JpaBaseConfiguration$JpaWebConfiguration : spring.jpa.open-in-view is enabled by default. Therefore, database queries may be performed during view rendering. Explicitly configure spring.jpa.open-in-view to disable this warning
2024-11-07T22:08:45.567Z  INFO 5908 --- [           main] tn.esprit.tpfoyer17.ChambreTest          : Started ChambreTest in 13.31 seconds (process running for 15.661)
]]></system-out>
  </testcase>
  <testcase name="testRetrieveChambre" classname="tn.esprit.tpfoyer17.ChambreTest" time="0.016"/>
  <testcase name="testRetrieveAllChambres" classname="tn.esprit.tpfoyer17.ChambreTest" time="0.013"/>
  <testcase name="testAddChambre" classname="tn.esprit.tpfoyer17.ChambreTest" time="0.017"/>
</testsuite>